<?xml version="1.0" encoding="UTF-8"?>
<testsuite xmlns:xsi="http://www.w3.org/2001/XMLSchema-instance" xsi:noNamespaceSchemaLocation="https://maven.apache.org/surefire/maven-surefire-plugin/xsd/surefire-test-report-3.0.xsd" version="3.0" name="com.compilador.AppTest" time="0.062" tests="1" errors="0" skipped="0" failures="0">
  <properties>
    <property name="java.specification.version" value="21"/>
    <property name="sun.cpu.isalist" value="amd64"/>
    <property name="sun.jnu.encoding" value="Cp1252"/>
    <property name="java.class.path" value="C:\Users\emimo\OneDrive\Documentos\Universidad\TC\TecnicasDeCompilacion-Codigo_Intermedio\TecnicasDeCompilacion-Codigo_Intermedio\demo\target\test-classes;C:\Users\emimo\OneDrive\Documentos\Universidad\TC\TecnicasDeCompilacion-Codigo_Intermedio\TecnicasDeCompilacion-Codigo_Intermedio\demo\target\classes;C:\Users\emimo\.m2\repository\org\antlr\antlr4\4.9.3\antlr4-4.9.3.jar;C:\Users\emimo\.m2\repository\org\antlr\antlr4-runtime\4.9.3\antlr4-runtime-4.9.3.jar;C:\Users\emimo\.m2\repository\org\antlr\antlr-runtime\3.5.2\antlr-runtime-3.5.2.jar;C:\Users\emimo\.m2\repository\org\antlr\ST4\4.3.1\ST4-4.3.1.jar;C:\Users\emimo\.m2\repository\org\abego\treelayout\org.abego.treelayout.core\1.0.3\org.abego.treelayout.core-1.0.3.jar;C:\Users\emimo\.m2\repository\org\glassfish\javax.json\1.0.4\javax.json-1.0.4.jar;C:\Users\emimo\.m2\repository\com\ibm\icu\icu4j\69.1\icu4j-69.1.jar;C:\Users\emimo\.m2\repository\junit\junit\4.11\junit-4.11.jar;C:\Users\emimo\.m2\repository\org\hamcrest\hamcrest-core\1.3\hamcrest-core-1.3.jar;"/>
    <property name="java.vm.vendor" value="Eclipse Adoptium"/>
    <property name="sun.arch.data.model" value="64"/>
    <property name="user.variant" value=""/>
    <property name="java.vendor.url" value="https://adoptium.net/"/>
    <property name="user.timezone" value="America/Buenos_Aires"/>
    <property name="os.name" value="Windows 11"/>
    <property name="java.vm.specification.version" value="21"/>
    <property name="sun.java.launcher" value="SUN_STANDARD"/>
    <property name="user.country" value="AR"/>
    <property name="sun.boot.library.path" value="C:\Program Files\Eclipse Adoptium\jdk-21.0.2.13-hotspot\bin"/>
    <property name="sun.java.command" value="C:\Users\emimo\AppData\Local\Temp\surefire8910648963903688814\surefirebooter-20250716222725912_3.jar C:\Users\emimo\AppData\Local\Temp\surefire8910648963903688814 2025-07-16T22-27-25_733-jvmRun1 surefire-20250716222725912_1tmp surefire_0-20250716222725912_2tmp"/>
    <property name="jdk.debug" value="release"/>
    <property name="surefire.test.class.path" value="C:\Users\emimo\OneDrive\Documentos\Universidad\TC\TecnicasDeCompilacion-Codigo_Intermedio\TecnicasDeCompilacion-Codigo_Intermedio\demo\target\test-classes;C:\Users\emimo\OneDrive\Documentos\Universidad\TC\TecnicasDeCompilacion-Codigo_Intermedio\TecnicasDeCompilacion-Codigo_Intermedio\demo\target\classes;C:\Users\emimo\.m2\repository\org\antlr\antlr4\4.9.3\antlr4-4.9.3.jar;C:\Users\emimo\.m2\repository\org\antlr\antlr4-runtime\4.9.3\antlr4-runtime-4.9.3.jar;C:\Users\emimo\.m2\repository\org\antlr\antlr-runtime\3.5.2\antlr-runtime-3.5.2.jar;C:\Users\emimo\.m2\repository\org\antlr\ST4\4.3.1\ST4-4.3.1.jar;C:\Users\emimo\.m2\repository\org\abego\treelayout\org.abego.treelayout.core\1.0.3\org.abego.treelayout.core-1.0.3.jar;C:\Users\emimo\.m2\repository\org\glassfish\javax.json\1.0.4\javax.json-1.0.4.jar;C:\Users\emimo\.m2\repository\com\ibm\icu\icu4j\69.1\icu4j-69.1.jar;C:\Users\emimo\.m2\repository\junit\junit\4.11\junit-4.11.jar;C:\Users\emimo\.m2\repository\org\hamcrest\hamcrest-core\1.3\hamcrest-core-1.3.jar;"/>
    <property name="sun.cpu.endian" value="little"/>
    <property name="user.home" value="C:\Users\emimo"/>
    <property name="user.language" value="es"/>
    <property name="java.specification.vendor" value="Oracle Corporation"/>
    <property name="java.version.date" value="2024-01-16"/>
    <property name="java.home" value="C:\Program Files\Eclipse Adoptium\jdk-21.0.2.13-hotspot"/>
    <property name="file.separator" value="\"/>
    <property name="basedir" value="C:\Users\emimo\OneDrive\Documentos\Universidad\TC\TecnicasDeCompilacion-Codigo_Intermedio\TecnicasDeCompilacion-Codigo_Intermedio\demo"/>
    <property name="java.vm.compressedOopsMode" value="Zero based"/>
    <property name="line.separator" value="&#10;"/>
    <property name="java.vm.specification.vendor" value="Oracle Corporation"/>
    <property name="java.specification.name" value="Java Platform API Specification"/>
    <property name="surefire.real.class.path" value="C:\Users\emimo\AppData\Local\Temp\surefire8910648963903688814\surefirebooter-20250716222725912_3.jar"/>
    <property name="user.script" value=""/>
    <property name="sun.management.compiler" value="HotSpot 64-Bit Tiered Compilers"/>
    <property name="java.runtime.version" value="21.0.2+13-LTS"/>
    <property name="user.name" value="emimo"/>
    <property name="stdout.encoding" value="Cp1252"/>
    <property name="path.separator" value=";"/>
    <property name="os.version" value="10.0"/>
    <property name="java.runtime.name" value="OpenJDK Runtime Environment"/>
    <property name="file.encoding" value="UTF-8"/>
    <property name="java.vm.name" value="OpenJDK 64-Bit Server VM"/>
    <property name="java.vendor.version" value="Temurin-21.0.2+13"/>
    <property name="localRepository" value="C:\Users\emimo\.m2\repository"/>
    <property name="java.vendor.url.bug" value="https://github.com/adoptium/adoptium-support/issues"/>
    <property name="java.io.tmpdir" value="C:\Users\emimo\AppData\Local\Temp\"/>
    <property name="java.version" value="21.0.2"/>
    <property name="user.dir" value="C:\Users\emimo\OneDrive\Documentos\Universidad\TC\TecnicasDeCompilacion-Codigo_Intermedio\TecnicasDeCompilacion-Codigo_Intermedio\demo"/>
    <property name="os.arch" value="amd64"/>
    <property name="java.vm.specification.name" value="Java Virtual Machine Specification"/>
    <property name="sun.os.patch.level" value=""/>
    <property name="native.encoding" value="Cp1252"/>
    <property name="java.library.path" value="C:\Program Files\Eclipse Adoptium\jdk-21.0.2.13-hotspot\bin;C:\WINDOWS\Sun\Java\bin;C:\WINDOWS\system32;C:\WINDOWS;C:\Program Files (x86)\NVIDIA Corporation\PhysX\Common;C:\Program Files\Common Files\Oracle\Java\javapath;C:\Program Files\Eclipse Adoptium\jdk-21.0.2.13-hotspot\bin;C:\WINDOWS\system32;C:\WINDOWS;C:\WINDOWS\System32\Wbem;C:\WINDOWS\System32\WindowsPowerShell\v1.0\;C:\WINDOWS\System32\OpenSSH\;C:\Program Files\Wolfram Research\WolframScript\;C:\Program Files (x86)\Microsoft SQL Server\160\Tools\Binn\;C:\Program Files\Microsoft SQL Server\160\Tools\Binn\;C:\Program Files\Microsoft SQL Server\Client SDK\ODBC\170\Tools\Binn\;C:\Program Files\Microsoft SQL Server\160\DTS\Binn\;C:\Program Files (x86)\Microsoft SQL Server\160\DTS\Binn\;C:\Users\emimo\OneDrive\Documentos\Universidad\PDC\herrramientas\jdk-17.0.10\bin;C:\Program Files\Git\cmd;C:\Users\emimo\OneDrive\Documentos\Universidad\TC\apache-maven-3.9.9-bin\apache-maven-3.9.9\bin;C:\Program Files\nodejs\;C:\Users\emimo\AppData\Local\Microsoft\WindowsApps;C:\Users\emimo\AppData\Local\Programs\Microsoft VS Code\bin;C:\Program Files (x86)\Nmap;C:\Users\emimo\AppData\Local\GitHubDesktop\bin;C:\Users\emimo\AppData\Roaming\npm;c:\Users\emimo\AppData\Roaming\Code\User\globalStorage\github.copilot-chat\debugCommand;."/>
    <property name="java.vm.info" value="mixed mode, sharing"/>
    <property name="stderr.encoding" value="Cp1252"/>
    <property name="java.vendor" value="Eclipse Adoptium"/>
    <property name="java.vm.version" value="21.0.2+13-LTS"/>
    <property name="sun.io.unicode.encoding" value="UnicodeLittle"/>
    <property name="java.class.version" value="65.0"/>
  </properties>
  <testcase name="shouldAnswerWithTrue" classname="com.compilador.AppTest" time="0.003"/>
</testsuite>